TN:
SF:/home/miguel/Projects/ship-activity/src/itinerary.js
FN:2,(anonymous_0)
FNF:1
FNH:1
FNDA:8,(anonymous_0)
DA:3,8
DA:7,3
LF:2
LH:2
BRF:0
BRH:0
end_of_record
TN:
SF:/home/miguel/Projects/ship-activity/src/port.js
FN:2,(anonymous_0)
FN:7,(anonymous_1)
FNF:2
FNH:2
FNDA:14,(anonymous_0)
FNDA:1,(anonymous_1)
DA:3,14
DA:4,14
DA:8,1
DA:12,3
LF:4
LH:4
BRF:0
BRH:0
end_of_record
TN:
SF:/home/miguel/Projects/ship-activity/src/ship.js
FN:2,(anonymous_0)
FN:8,(anonymous_1)
FN:19,(anonymous_2)
FNF:3
FNH:3
FNDA:6,(anonymous_0)
FNDA:4,(anonymous_1)
FNDA:2,(anonymous_2)
DA:3,6
DA:4,6
DA:5,6
DA:9,4
DA:10,4
DA:12,4
DA:13,1
DA:15,3
DA:16,3
DA:20,2
DA:21,2
DA:22,2
DA:26,2
LF:13
LH:13
BRDA:12,0,0,1
BRDA:12,0,1,3
BRF:2
BRH:2
end_of_record
